<?xml version="1.0" encoding="UTF-8"?>
<!-- Generated by org.testng.reporters.JUnitReportReporter -->
<testsuite hostname="dell-PC" failures="0" tests="6" name="com.hrm1.qa.testcases.LoginPageTest" time="168.297" errors="0" timestamp="05 Sep 2019 12:33:05 GMT" skipped="0">
  <testcase classname="com.hrm1.qa.testcases.LoginPageTest" name="LoginPageTitleTest" time="31.626"/>
  <testcase classname="com.hrm1.qa.testcases.LoginPageTest" name="LoginPageTitleTest" time="13.548"/>
  <testcase classname="com.hrm1.qa.testcases.LoginPageTest" name="crmLogoImageTest" time="13.300"/>
  <testcase classname="com.hrm1.qa.testcases.LoginPageTest" name="crmLogoImageTest" time="31.871"/>
  <testcase classname="com.hrm1.qa.testcases.LoginPageTest" name="loginTest" time="53.522"/>
  <testcase classname="com.hrm1.qa.testcases.LoginPageTest" name="loginTest" time="24.430"/>
</testsuite> <!-- com.hrm1.qa.testcases.LoginPageTest -->
